ak6384
*   8617430 9th Commit (1st on Level4A)
|\  
| *   h944e5g 7th Commit (1st on Level3A)
| |\  
| * | 7eac30e 5th Commit (1st on Level2A)
* | |   4bau3e6 8th Commit (1st on Level3B)
|\ \ \  
| | |/  
| |/|   
| * |   92e5371 4th Commit (1st on Level2B)
| |\ \  
| | |/  
| | * 813728e 2nd Commit (1st on Level1A)
* | | cf28ba1 6th Commit (1st on Level2C)
|/ /  
* | 1839275 3rd Commit (1st on Level1B)
|/  
* 5f9265a 1st Commit (1st on Master)
vds254
*   5384107 9th Commit (1st on Level4A)
|\  
| *   f611c2e 7th Commit (1st on Level3A)
| |\  
| * | ddfe07c 5th Commit (1st on Level2A)
* | |   1eab0b3 8th Commit (1st on Level3B)
|\ \ \  
| | |/  
| |/|   
| * |   65f7209 4th Commit (1st on Level2B)
| |\ \  
| | |/  
| | * 572678d 2nd Commit (1st on Level1A)
* | | fc18da9 6th Commit (1st on Level2C)
|/ /  
* | 1523767 3rd Commit (1st on Level1B)
|/  
* 7a850a5 1st Commit (1st on Master)
