kk3521
*   3384127 9th Commit (1st on Level4A)
|\  
| *   g614c2e 7th Commit (1st on Level3A)
| |\  
| * | bbfe15d 5th Commit (1st on Level2A)
* | |   2deb1b2 8th Commit (1st on Level3B)
|\ \ \  
| | |/  
| |/|   
| * |   34h7569 4th Commit (1st on Level2B)
| |\ \  
| | |/  
| | * 631658d 2nd Commit (1st on Level1A)
* | | eh15db8 6th Commit (1st on Level2C)
|/ /  
* | 4253582 3rd Commit (1st on Level1B)
|/  
* 4b670e7 1st Commit (1st on Master)

vds254
*   5384107 9th Commit (1st on Level4A)
|\  
| *   f611c2e 7th Commit (1st on Level3A)
| |\  
| * | ddfe07c 5th Commit (1st on Level2A)
* | |   1eab0b3 8th Commit (1st on Level3B)
|\ \ \  
| | |/  
| |/|   
| * |   65f7209 4th Commit (1st on Level2B)
| |\ \  
| | |/  
| | * 572678d 2nd Commit (1st on Level1A)
* | | fc18da9 6th Commit (1st on Level2C)
|/ /  
* | 1523767 3rd Commit (1st on Level1B)
|/  
* 7a850a5 1st Commit (1st on Master)

vl1015
*   a679230 9th Commit (1st on Level4A)
|\  
| *   f346c2r 7th Commit (1st on Level3A)
| |\  
| * | k987asd 5th Commit (1st on Level2A)
* | |   234jh34 8th Commit (1st on Level3B)
|\ \ \  
| | |/  
| |/|   
| * |   9s78d89 4th Commit (1st on Level2B)
| |\ \  
| | |/  
| | * 8905k89 2nd Commit (1st on Level1A)
* | | y345s90 6th Commit (1st on Level2C)
|/ /  
* | 998765o 3rd Commit (1st on Level1B)
|/  
* 6738d8a 1st Commit (1st on Master)